{"message":"   error","level":"error"}
{"message":"   error","level":"error"}
{"message":"   error","level":"error"}
{"message":"   error","level":"error"}
{"message":"   error","level":"error"}
{"message":"   error","level":"error"}
{"message":"   error","level":"error"}
{"message":"   error","level":"error"}
{"message":"   500. Internal Server ErrorThe user with id: 11evwevwe was not found","level":"error"}
{"message":"   Unhandled rejection detected: The user with id: 706e861c-3863-45d4-b3c4-23309077d471 was not found","level":"error"}
{"message":"   Unhandled rejection detected: Oops!","level":"error"}
{"message":"   Unhandled rejection detected: \"title\" must only contain alpha-numeric characters","level":"error"}
{"message":"   Unhandled rejection detected: \"title\" must only contain alpha-numeric characters","level":"error"}
{"message":"   Unhandled rejection detected: \"title\" must only contain alpha-numeric characters","level":"error"}
{"message":"   Unhandled rejection detected: \"name\" must only contain alpha-numeric characters","level":"error"}
{"message":"   Unhandled rejection detected: \"title\" must only contain alpha-numeric characters","level":"error"}
{"message":"   Unhandled rejection detected: \"title\" must only contain alpha-numeric characters","level":"error"}
{"message":"   Unhandled rejection detected: \"name\" must only contain alpha-numeric characters","level":"error"}
{"message":"   Unhandled rejection detected: \"title\" must only contain alpha-numeric characters","level":"error"}
{"message":"   Unhandled rejection detected: \"title\" length must be less than or equal to 20 characters long","level":"error"}
{"message":"   Unhandled rejection detected: \"name\" must only contain alpha-numeric characters","level":"error"}
{"message":"   Unhandled rejection detected: \"title\" must only contain alpha-numeric characters","level":"error"}
{"message":"   Unhandled rejection detected: \"name\" length must be less than or equal to 20 characters long","level":"error"}
{"message":"   Unhandled rejection detected: \"title\" length must be less than or equal to 20 characters long","level":"error"}
{"message":"   Unhandled rejection detected: \"title\" must only contain alpha-numeric characters","level":"error"}
{"message":"   Unhandled rejection detected: e is not defined","level":"error"}
{"message":"   Unhandled rejection detected: \"name\" must only contain alpha-numeric characters","level":"error"}
{"message":"   Unhandled rejection detected: \"name\" must only contain alpha-numeric characters","level":"error"}
{"message":"   Unhandled rejection detected: \"title\" must only contain alpha-numeric characters","level":"error"}
{"message":"   Unhandled rejection detected: \"title\" must only contain alpha-numeric characters","level":"error"}
{"message":"   Unhandled rejection detected: \"title\" must only contain alpha-numeric characters","level":"error"}
{"message":"   Unhandled rejection detected: \"title\" must only contain alpha-numeric characters","level":"error"}
{"message":"   Unhandled rejection detected: \"title\" must only contain alpha-numeric characters","level":"error"}
{"message":"   Unhandled rejection detected: \"title\" must only contain alpha-numeric characters","level":"error"}
{"message":"   Unhandled rejection detected: \"title\" must only contain alpha-numeric characters","level":"error"}
{"message":"   Unhandled rejection detected: \"title\" must only contain alpha-numeric characters","level":"error"}
{"message":"   Unhandled rejection detected: \"title\" must only contain alpha-numeric characters","level":"error"}
{"message":"   Unhandled rejection detected: \"title\" must only contain alpha-numeric characters","level":"error"}
{"message":"   Unhandled rejection detected: \"name\" must only contain alpha-numeric characters","level":"error"}
{"message":"   Unhandled rejection detected: \"title\" must only contain alpha-numeric characters","level":"error"}
{"message":"   Unhandled rejection detected: \"title\" must only contain alpha-numeric characters","level":"error"}
{"message":"   Unhandled rejection detected: \"name\" must only contain alpha-numeric characters","level":"error"}
{"message":"   Unhandled rejection detected: \"name\" must only contain alpha-numeric characters","level":"error"}
{"message":"   Unhandled rejection detected: \"title\" must only contain alpha-numeric characters","level":"error"}
{"message":"   Unhandled rejection detected: \"name\" length must be less than or equal to 20 characters long","level":"error"}
{"message":"   Unhandled rejection detected: \"title\" must only contain alpha-numeric characters","level":"error"}
{"message":"   Unhandled rejection detected: \"title\" must only contain alpha-numeric characters","level":"error"}
{"message":"   Unhandled rejection detected: \"title\" length must be less than or equal to 20 characters long","level":"error"}
{"message":"   Unhandled rejection detected: \"name\" must only contain alpha-numeric characters","level":"error"}
{"message":"   Unhandled rejection detected: \"title\" must only contain alpha-numeric characters","level":"error"}
{"message":"   Unhandled rejection detected: \"name\" must only contain alpha-numeric characters","level":"error"}
{"message":"   Unhandled rejection detected: \"title\" length must be less than or equal to 20 characters long","level":"error"}
{"message":"   Unhandled rejection detected: \"title\" must only contain alpha-numeric characters","level":"error"}
{"message":"   Unhandled rejection detected: \"title\" must only contain alpha-numeric characters","level":"error"}
{"message":"   Unhandled rejection detected: \"title\" must only contain alpha-numeric characters","level":"error"}
{"message":"   Unhandled rejection detected: \"title\" must only contain alpha-numeric characters","level":"error"}
{"message":"   Unhandled rejection detected: e is not defined","level":"error"}
{"message":"   Unhandled rejection detected: \"title\" must only contain alpha-numeric characters","level":"error"}
{"message":"   Unhandled rejection detected: \"title\" must only contain alpha-numeric characters","level":"error"}
{"message":"   Unhandled rejection detected: \"title\" must only contain alpha-numeric characters","level":"error"}
{"message":"   Unhandled rejection detected: \"title\" must only contain alpha-numeric characters","level":"error"}
{"message":"   Unhandled rejection detected: \"title\" must only contain alpha-numeric characters","level":"error"}
{"message":"   Unhandled rejection detected: \"title\" must only contain alpha-numeric characters","level":"error"}
{"message":"   Unhandled rejection detected: \"title\" must only contain alpha-numeric characters","level":"error"}
{"message":"   Unhandled rejection detected: \"title\" must only contain alpha-numeric characters","level":"error"}
{"message":"   Unhandled rejection detected: \"title\" must only contain alpha-numeric characters","level":"error"}
{"message":"   Unhandled rejection detected: \"name\" must only contain alpha-numeric characters","level":"error"}
{"message":"   Unhandled rejection detected: \"title\" must only contain alpha-numeric characters","level":"error"}
{"message":"   Unhandled rejection detected: \"name\" must only contain alpha-numeric characters","level":"error"}
{"message":"   Unhandled rejection detected: \"title\" must only contain alpha-numeric characters","level":"error"}
{"message":"   Unhandled rejection detected: \"title\" must only contain alpha-numeric characters","level":"error"}
{"message":"   Unhandled rejection detected: \"name\" must only contain alpha-numeric characters","level":"error"}
{"message":"   Unhandled rejection detected: \"title\" length must be less than or equal to 20 characters long","level":"error"}
{"message":"   Unhandled rejection detected: \"name\" length must be less than or equal to 20 characters long","level":"error"}
{"message":"   Unhandled rejection detected: \"title\" must only contain alpha-numeric characters","level":"error"}
{"message":"   Unhandled rejection detected: \"title\" length must be less than or equal to 20 characters long","level":"error"}
{"message":"   Unhandled rejection detected: \"title\" must only contain alpha-numeric characters","level":"error"}
{"message":"   Unhandled rejection detected: \"name\" must only contain alpha-numeric characters","level":"error"}
{"message":"   Unhandled rejection detected: e is not defined","level":"error"}
{"message":"   Unhandled rejection detected: \"name\" must only contain alpha-numeric characters","level":"error"}
{"message":"   Unhandled rejection detected: \"title\" must only contain alpha-numeric characters","level":"error"}
{"message":"   Unhandled rejection detected: \"title\" must only contain alpha-numeric characters","level":"error"}
{"message":"   Unhandled rejection detected: \"title\" must only contain alpha-numeric characters","level":"error"}
{"message":"   Unhandled rejection detected: \"title\" must only contain alpha-numeric characters","level":"error"}
{"message":"   Unhandled rejection detected: \"title\" must only contain alpha-numeric characters","level":"error"}
{"message":"   Unhandled rejection detected: \"title\" must only contain alpha-numeric characters","level":"error"}
{"message":"   Unhandled rejection detected: \"title\" must only contain alpha-numeric characters","level":"error"}
{"message":"   Unhandled rejection detected: \"title\" must only contain alpha-numeric characters","level":"error"}
{"message":"   Unhandled rejection detected: \"title\" must only contain alpha-numeric characters","level":"error"}
{"message":"   Unhandled rejection detected: \"title\" must only contain alpha-numeric characters","level":"error"}
{"message":"   Unhandled rejection detected: \"name\" must only contain alpha-numeric characters","level":"error"}
{"message":"   Unhandled rejection detected: \"title\" must only contain alpha-numeric characters","level":"error"}
{"message":"   Unhandled rejection detected: \"title\" must only contain alpha-numeric characters","level":"error"}
{"message":"   Unhandled rejection detected: \"name\" must only contain alpha-numeric characters","level":"error"}
{"message":"   Unhandled rejection detected: \"name\" must only contain alpha-numeric characters","level":"error"}
{"message":"   Unhandled rejection detected: \"title\" must only contain alpha-numeric characters","level":"error"}
{"message":"   Unhandled rejection detected: \"name\" length must be less than or equal to 20 characters long","level":"error"}
{"message":"   Unhandled rejection detected: \"title\" must only contain alpha-numeric characters","level":"error"}
{"message":"   Unhandled rejection detected: \"title\" must only contain alpha-numeric characters","level":"error"}
{"message":"   Unhandled rejection detected: \"title\" length must be less than or equal to 20 characters long","level":"error"}
{"message":"   Unhandled rejection detected: \"name\" must only contain alpha-numeric characters","level":"error"}
{"message":"   Unhandled rejection detected: \"title\" must only contain alpha-numeric characters","level":"error"}
{"message":"   Unhandled rejection detected: \"title\" length must be less than or equal to 20 characters long","level":"error"}
{"message":"   Unhandled rejection detected: \"name\" must only contain alpha-numeric characters","level":"error"}
{"message":"   Unhandled rejection detected: \"title\" must only contain alpha-numeric characters","level":"error"}
{"message":"   Unhandled rejection detected: \"title\" must only contain alpha-numeric characters","level":"error"}
{"message":"   Unhandled rejection detected: \"title\" must only contain alpha-numeric characters","level":"error"}
{"message":"   Unhandled rejection detected: \"title\" must only contain alpha-numeric characters","level":"error"}
{"message":"   Unhandled rejection detected: e is not defined","level":"error"}
{"message":"   Unhandled rejection detected: \"title\" must only contain alpha-numeric characters","level":"error"}
{"message":"   Unhandled rejection detected: \"title\" must only contain alpha-numeric characters","level":"error"}
{"message":"   Unhandled rejection detected: \"title\" must only contain alpha-numeric characters","level":"error"}
{"message":"   Unhandled rejection detected: \"title\" must only contain alpha-numeric characters","level":"error"}
{"message":"   Unhandled rejection detected: \"title\" must only contain alpha-numeric characters","level":"error"}
{"message":"   Unhandled rejection detected: \"title\" must only contain alpha-numeric characters","level":"error"}
{"message":"   Unhandled rejection detected: e is not defined","level":"error"}
{"message":"   Unhandled rejection detected: The board with id: c660e1c5-77de-4997-b1a0-f8c008ad5b94 was not found","level":"error"}
{"message":"   Unhandled rejection detected: \"columns\" must be of type object","level":"error"}
{"message":"   Unhandled rejection detected: \"title\" must only contain alpha-numeric characters","level":"error"}
{"message":"   Unhandled rejection detected: \"title\" must only contain alpha-numeric characters","level":"error"}
{"message":"   Unhandled rejection detected: \"title\" must only contain alpha-numeric characters","level":"error"}
{"message":"   Unhandled rejection detected: \"name\" must only contain alpha-numeric characters","level":"error"}
{"message":"   Unhandled rejection detected: \"title\" must only contain alpha-numeric characters","level":"error"}
{"message":"   Unhandled rejection detected: \"title\" must only contain alpha-numeric characters","level":"error"}
{"message":"   Unhandled rejection detected: \"name\" must only contain alpha-numeric characters","level":"error"}
{"message":"   Unhandled rejection detected: \"title\" must only contain alpha-numeric characters","level":"error"}
{"message":"   Unhandled rejection detected: \"title\" must only contain alpha-numeric characters","level":"error"}
{"message":"   Unhandled rejection detected: \"name\" must only contain alpha-numeric characters","level":"error"}
{"message":"   Unhandled rejection detected: \"title\" length must be less than or equal to 20 characters long","level":"error"}
{"message":"   Unhandled rejection detected: \"title\" length must be less than or equal to 20 characters long","level":"error"}
{"message":"   Unhandled rejection detected: \"name\" length must be less than or equal to 20 characters long","level":"error"}
{"message":"   Unhandled rejection detected: \"title\" must only contain alpha-numeric characters","level":"error"}
{"message":"   Unhandled rejection detected: \"name\" must only contain alpha-numeric characters","level":"error"}
{"message":"   Unhandled rejection detected: e is not defined","level":"error"}
{"message":"   Unhandled rejection detected: \"name\" must only contain alpha-numeric characters","level":"error"}
{"message":"   Unhandled rejection detected: \"title\" must only contain alpha-numeric characters","level":"error"}
{"message":"   Unhandled rejection detected: \"title\" must only contain alpha-numeric characters","level":"error"}
{"message":"   Unhandled rejection detected: \"title\" must only contain alpha-numeric characters","level":"error"}
{"message":"   Unhandled rejection detected: \"title\" must only contain alpha-numeric characters","level":"error"}
{"message":"   Unhandled rejection detected: \"title\" must only contain alpha-numeric characters","level":"error"}
{"message":"   Unhandled rejection detected: \"title\" must only contain alpha-numeric characters","level":"error"}
{"message":"   Unhandled rejection detected: \"title\" must only contain alpha-numeric characters","level":"error"}
{"message":"   Unhandled rejection detected: \"title\" must only contain alpha-numeric characters","level":"error"}
{"message":"   Unhandled rejection detected: \"title\" must only contain alpha-numeric characters","level":"error"}
{"message":"   Unhandled rejection detected: \"title\" must only contain alpha-numeric characters","level":"error"}
{"message":"   Unhandled rejection detected: \"title\" must only contain alpha-numeric characters","level":"error"}
{"message":"   Unhandled rejection detected: \"title\" must only contain alpha-numeric characters","level":"error"}
{"message":"   Unhandled rejection detected: \"name\" must only contain alpha-numeric characters","level":"error"}
{"message":"   Unhandled rejection detected: \"title\" must only contain alpha-numeric characters","level":"error"}
{"message":"   Unhandled rejection detected: \"name\" must only contain alpha-numeric characters","level":"error"}
{"message":"   Unhandled rejection detected: \"title\" must only contain alpha-numeric characters","level":"error"}
{"message":"   Unhandled rejection detected: \"title\" must only contain alpha-numeric characters","level":"error"}
{"message":"   Unhandled rejection detected: \"title\" length must be less than or equal to 20 characters long","level":"error"}
{"message":"   Unhandled rejection detected: \"name\" must only contain alpha-numeric characters","level":"error"}
{"message":"   Unhandled rejection detected: \"title\" must only contain alpha-numeric characters","level":"error"}
{"message":"   Unhandled rejection detected: \"name\" length must be less than or equal to 20 characters long","level":"error"}
{"message":"   Unhandled rejection detected: \"title\" length must be less than or equal to 20 characters long","level":"error"}
{"message":"   Unhandled rejection detected: \"title\" must only contain alpha-numeric characters","level":"error"}
{"message":"   Unhandled rejection detected: \"name\" must only contain alpha-numeric characters","level":"error"}
{"message":"   Unhandled rejection detected: e is not defined","level":"error"}
{"message":"   Unhandled rejection detected: \"name\" must only contain alpha-numeric characters","level":"error"}
{"message":"   Unhandled rejection detected: \"title\" must only contain alpha-numeric characters","level":"error"}
{"message":"   Unhandled rejection detected: \"title\" must only contain alpha-numeric characters","level":"error"}
{"message":"   Unhandled rejection detected: \"title\" must only contain alpha-numeric characters","level":"error"}
{"message":"   Unhandled rejection detected: \"title\" must only contain alpha-numeric characters","level":"error"}
{"message":"   Unhandled rejection detected: \"title\" must only contain alpha-numeric characters","level":"error"}
{"message":"   Unhandled rejection detected: \"title\" must only contain alpha-numeric characters","level":"error"}
{"message":"   Unhandled rejection detected: \"title\" must only contain alpha-numeric characters","level":"error"}
{"message":"   Unhandled rejection detected: \"title\" must only contain alpha-numeric characters","level":"error"}
{"message":"   Unhandled rejection detected: \"title\" must only contain alpha-numeric characters","level":"error"}
{"message":"   Unhandled rejection detected: \"title\" must only contain alpha-numeric characters","level":"error"}
{"message":"   Unhandled rejection detected: \"title\" must only contain alpha-numeric characters","level":"error"}
{"message":"   Unhandled rejection detected: \"title\" must only contain alpha-numeric characters","level":"error"}
{"message":"   Unhandled rejection detected: \"name\" must only contain alpha-numeric characters","level":"error"}
{"message":"   Unhandled rejection detected: \"title\" must only contain alpha-numeric characters","level":"error"}
{"message":"   Unhandled rejection detected: \"name\" must only contain alpha-numeric characters","level":"error"}
{"message":"   Unhandled rejection detected: \"title\" must only contain alpha-numeric characters","level":"error"}
{"message":"   Unhandled rejection detected: \"title\" must only contain alpha-numeric characters","level":"error"}
{"message":"   Unhandled rejection detected: \"title\" length must be less than or equal to 20 characters long","level":"error"}
{"message":"   Unhandled rejection detected: \"name\" must only contain alpha-numeric characters","level":"error"}
{"message":"   Unhandled rejection detected: \"title\" must only contain alpha-numeric characters","level":"error"}
{"message":"   Unhandled rejection detected: \"name\" length must be less than or equal to 20 characters long","level":"error"}
{"message":"   Unhandled rejection detected: \"title\" length must be less than or equal to 20 characters long","level":"error"}
{"message":"   Unhandled rejection detected: \"title\" must only contain alpha-numeric characters","level":"error"}
{"message":"   Unhandled rejection detected: \"name\" must only contain alpha-numeric characters","level":"error"}
{"message":"   Unhandled rejection detected: e is not defined","level":"error"}
{"message":"   Unhandled rejection detected: \"name\" must only contain alpha-numeric characters","level":"error"}
{"message":"   Unhandled rejection detected: \"title\" must only contain alpha-numeric characters","level":"error"}
{"message":"   Unhandled rejection detected: \"title\" must only contain alpha-numeric characters","level":"error"}
{"message":"   Unhandled rejection detected: \"title\" must only contain alpha-numeric characters","level":"error"}
{"message":"   Unhandled rejection detected: \"title\" must only contain alpha-numeric characters","level":"error"}
{"message":"   Unhandled rejection detected: \"title\" must only contain alpha-numeric characters","level":"error"}
{"message":"   Unhandled rejection detected: \"title\" must only contain alpha-numeric characters","level":"error"}
{"message":"   Unhandled rejection detected: \"title\" must only contain alpha-numeric characters","level":"error"}
{"message":"   Unhandled rejection detected: \"title\" must only contain alpha-numeric characters","level":"error"}
{"message":"   Unhandled rejection detected: \"title\" must only contain alpha-numeric characters","level":"error"}
{"message":"   Unhandled rejection detected: \"title\" must only contain alpha-numeric characters","level":"error"}
{"message":"   Unhandled rejection detected: \"title\" must only contain alpha-numeric characters","level":"error"}
{"message":"   Unhandled rejection detected: \"title\" must only contain alpha-numeric characters","level":"error"}
{"message":"   Unhandled rejection detected: \"name\" must only contain alpha-numeric characters","level":"error"}
{"message":"   Unhandled rejection detected: \"title\" must only contain alpha-numeric characters","level":"error"}
{"message":"   Unhandled rejection detected: \"title\" must only contain alpha-numeric characters","level":"error"}
{"message":"   Unhandled rejection detected: \"name\" must only contain alpha-numeric characters","level":"error"}
{"message":"   Unhandled rejection detected: \"title\" must only contain alpha-numeric characters","level":"error"}
{"message":"   Unhandled rejection detected: \"title\" must only contain alpha-numeric characters","level":"error"}
{"message":"   Unhandled rejection detected: \"name\" must only contain alpha-numeric characters","level":"error"}
{"message":"   Unhandled rejection detected: \"title\" length must be less than or equal to 20 characters long","level":"error"}
{"message":"   Unhandled rejection detected: \"title\" length must be less than or equal to 20 characters long","level":"error"}
{"message":"   Unhandled rejection detected: \"name\" length must be less than or equal to 20 characters long","level":"error"}
{"message":"   Unhandled rejection detected: \"title\" must only contain alpha-numeric characters","level":"error"}
{"message":"   Unhandled rejection detected: \"name\" must only contain alpha-numeric characters","level":"error"}
{"message":"   Unhandled rejection detected: \"name\" must only contain alpha-numeric characters","level":"error"}
{"message":"   Unhandled rejection detected: \"title\" must only contain alpha-numeric characters","level":"error"}
{"message":"   Unhandled rejection detected: \"title\" must only contain alpha-numeric characters","level":"error"}
{"message":"   Unhandled rejection detected: \"title\" must only contain alpha-numeric characters","level":"error"}
{"message":"   Unhandled rejection detected: \"title\" must only contain alpha-numeric characters","level":"error"}
{"message":"   Unhandled rejection detected: \"title\" must only contain alpha-numeric characters","level":"error"}
{"message":"   Unhandled rejection detected: \"title\" must only contain alpha-numeric characters","level":"error"}
{"message":"   Unhandled rejection detected: \"title\" must only contain alpha-numeric characters","level":"error"}
{"message":"   Unhandled rejection detected: \"title\" must only contain alpha-numeric characters","level":"error"}
{"message":"   Unhandled rejection detected: \"title\" must only contain alpha-numeric characters","level":"error"}
{"message":"   Unhandled rejection detected: \"title\" must only contain alpha-numeric characters, [object Promise]","level":"error"}
{"message":"   Unhandled rejection detected: \"title\" must only contain alpha-numeric characters, [object Promise]","level":"error"}
{"message":"   Unhandled rejection detected: \"title\" must only contain alpha-numeric characters, [object Promise]","level":"error"}
{"message":"   Unhandled rejection detected: \"name\" must only contain alpha-numeric characters, [object Promise]","level":"error"}
{"message":"   Unhandled rejection detected: \"title\" must only contain alpha-numeric characters, [object Promise]","level":"error"}
{"message":"   Unhandled rejection detected: \"title\" must only contain alpha-numeric characters, [object Promise]","level":"error"}
{"message":"   Unhandled rejection detected: \"title\" must only contain alpha-numeric characters, [object Promise]","level":"error"}
{"message":"   Unhandled rejection detected: \"name\" must only contain alpha-numeric characters, [object Promise]","level":"error"}
{"message":"   Unhandled rejection detected: \"title\" length must be less than or equal to 20 characters long, [object Promise]","level":"error"}
{"message":"   Unhandled rejection detected: \"title\" must only contain alpha-numeric characters, [object Promise]","level":"error"}
{"message":"   Unhandled rejection detected: \"name\" must only contain alpha-numeric characters, [object Promise]","level":"error"}
{"message":"   Unhandled rejection detected: \"title\" length must be less than or equal to 20 characters long, [object Promise]","level":"error"}
{"message":"   Unhandled rejection detected: \"name\" length must be less than or equal to 20 characters long, [object Promise]","level":"error"}
{"message":"   Unhandled rejection detected: \"title\" must only contain alpha-numeric characters, [object Promise]","level":"error"}
{"message":"   Unhandled rejection detected: \"name\" must only contain alpha-numeric characters, [object Promise]","level":"error"}
{"message":"   Unhandled rejection detected: \"title\" must only contain alpha-numeric characters, [object Promise]","level":"error"}
{"message":"   Unhandled rejection detected: \"title\" must only contain alpha-numeric characters, [object Promise]","level":"error"}
{"message":"   Unhandled rejection detected: \"title\" must only contain alpha-numeric characters, [object Promise]","level":"error"}
{"message":"   Unhandled rejection detected: \"title\" must only contain alpha-numeric characters, [object Promise]","level":"error"}
{"message":"   Unhandled rejection detected: \"title\" must only contain alpha-numeric characters, [object Promise]","level":"error"}
{"message":"   Unhandled rejection detected: \"title\" must only contain alpha-numeric characters, [object Promise]","level":"error"}
{"message":"   Unhandled rejection detected: \"name\" must only contain alpha-numeric characters, [object Promise]","level":"error"}
{"message":"   Unhandled rejection detected: \"title\" must only contain alpha-numeric characters, [object Promise]","level":"error"}
{"message":"   Unhandled rejection detected: \"title\" must only contain alpha-numeric characters, [object Promise]","level":"error"}
{"message":"   Unhandled rejection detected: \"title\" must only contain alpha-numeric characters, [object Promise]","level":"error"}
{"message":"   Unhandled rejection detected: \"name\" must only contain alpha-numeric characters, [object Promise]","level":"error"}
{"message":"   Unhandled rejection detected: \"title\" must only contain alpha-numeric characters, [object Promise]","level":"error"}
{"message":"   Unhandled rejection detected: \"title\" must only contain alpha-numeric characters, [object Promise]","level":"error"}
{"message":"   Unhandled rejection detected: \"title\" must only contain alpha-numeric characters, [object Promise]","level":"error"}
{"message":"   Unhandled rejection detected: \"name\" must only contain alpha-numeric characters, [object Promise]","level":"error"}
{"message":"   Unhandled rejection detected: \"name\" must only contain alpha-numeric characters, [object Promise]","level":"error"}
{"message":"   Unhandled rejection detected: \"name\" length must be less than or equal to 20 characters long, [object Promise]","level":"error"}
{"message":"   Unhandled rejection detected: \"title\" must only contain alpha-numeric characters, [object Promise]","level":"error"}
{"message":"   Unhandled rejection detected: \"title\" must only contain alpha-numeric characters, [object Promise]","level":"error"}
{"message":"   Unhandled rejection detected: \"title\" must only contain alpha-numeric characters, [object Promise]","level":"error"}
{"message":"   Unhandled rejection detected: \"name\" must only contain alpha-numeric characters, [object Promise]","level":"error"}
{"message":"   Unhandled rejection detected: \"title\" length must be less than or equal to 20 characters long, [object Promise]","level":"error"}
{"message":"   Unhandled rejection detected: \"title\" must only contain alpha-numeric characters, [object Promise]","level":"error"}
{"message":"   Unhandled rejection detected: \"title\" length must be less than or equal to 20 characters long, [object Promise]","level":"error"}
{"message":"   Unhandled rejection detected: \"name\" must only contain alpha-numeric characters, [object Promise]","level":"error"}
{"message":"   Unhandled rejection detected: \"title\" must only contain alpha-numeric characters, [object Promise]","level":"error"}
{"message":"   Unhandled rejection detected: \"title\" must only contain alpha-numeric characters, [object Promise]","level":"error"}
{"message":"   Unhandled rejection detected: \"title\" must only contain alpha-numeric characters, [object Promise]","level":"error"}
{"message":"   Unhandled rejection detected: \"title\" must only contain alpha-numeric characters, [object Promise]","level":"error"}
{"message":"   Unhandled rejection detected: \"title\" must only contain alpha-numeric characters, [object Promise]","level":"error"}
{"message":"   Unhandled rejection detected: \"title\" must only contain alpha-numeric characters, [object Promise]","level":"error"}
{"message":"   Unhandled rejection detected: \"title\" must only contain alpha-numeric characters, [object Promise]","level":"error"}
{"message":"   Unhandled rejection detected: \"title\" must only contain alpha-numeric characters, [object Promise]","level":"error"}
{"message":"   Unhandled rejection detected: \"title\" must only contain alpha-numeric characters, [object Promise]","level":"error"}
{"message":"   Unhandled rejection detected: \"title\" must only contain alpha-numeric characters, [object Promise]","level":"error"}
{"message":"   Unhandled rejection detected: \"title\" must only contain alpha-numeric characters, [object Promise]","level":"error"}
{"message":"   Unhandled rejection detected: \"title\" must only contain alpha-numeric characters, [object Promise]","level":"error"}
{"message":"   Unhandled rejection detected: \"title\" must only contain alpha-numeric characters, [object Promise]","level":"error"}
{"message":"   Unhandled rejection detected: \"name\" must only contain alpha-numeric characters, [object Promise]","level":"error"}
{"message":"   Unhandled rejection detected: \"title\" must only contain alpha-numeric characters, [object Promise]","level":"error"}
{"message":"   Unhandled rejection detected: \"name\" must only contain alpha-numeric characters, [object Promise]","level":"error"}
{"message":"   Unhandled rejection detected: \"title\" must only contain alpha-numeric characters, [object Promise]","level":"error"}
{"message":"   Unhandled rejection detected: \"title\" must only contain alpha-numeric characters, [object Promise]","level":"error"}
{"message":"   Unhandled rejection detected: \"name\" must only contain alpha-numeric characters, [object Promise]","level":"error"}
{"message":"   Unhandled rejection detected: \"title\" length must be less than or equal to 20 characters long, [object Promise]","level":"error"}
{"message":"   Unhandled rejection detected: \"name\" length must be less than or equal to 20 characters long, [object Promise]","level":"error"}
{"message":"   Unhandled rejection detected: \"title\" must only contain alpha-numeric characters, [object Promise]","level":"error"}
{"message":"   Unhandled rejection detected: \"title\" length must be less than or equal to 20 characters long, [object Promise]","level":"error"}
{"message":"   Unhandled rejection detected: \"title\" must only contain alpha-numeric characters, [object Promise]","level":"error"}
{"message":"   Unhandled rejection detected: \"name\" must only contain alpha-numeric characters, [object Promise]","level":"error"}
{"message":"   Unhandled rejection detected: \"name\" must only contain alpha-numeric characters, [object Promise]","level":"error"}
{"message":"   Unhandled rejection detected: \"title\" must only contain alpha-numeric characters, [object Promise]","level":"error"}
{"message":"   Unhandled rejection detected: \"title\" must only contain alpha-numeric characters, [object Promise]","level":"error"}
{"message":"   Unhandled rejection detected: \"title\" must only contain alpha-numeric characters, [object Promise]","level":"error"}
{"message":"   Unhandled rejection detected: \"title\" must only contain alpha-numeric characters, [object Promise]","level":"error"}
{"message":"   Unhandled rejection detected: \"title\" must only contain alpha-numeric characters, [object Promise]","level":"error"}
{"message":"   Unhandled rejection detected: \"title\" must only contain alpha-numeric characters, [object Promise]","level":"error"}
{"message":"   Unhandled rejection detected: \"title\" must only contain alpha-numeric characters, [object Promise]","level":"error"}
{"message":"   Unhandled rejection detected: \"title\" must only contain alpha-numeric characters, [object Promise]","level":"error"}
{"message":"   Unhandled rejection detected: \"title\" must only contain alpha-numeric characters, [object Promise]","level":"error"}
{"message":"   Unhandled rejection detected: \"title\" must only contain alpha-numeric characters, [object Promise]","level":"error"}
{"message":"   Unhandled rejection detected: \"title\" must only contain alpha-numeric characters, [object Promise]","level":"error"}
{"message":"   Unhandled rejection detected: \"title\" must only contain alpha-numeric characters, [object Promise]","level":"error"}
{"message":"   Unhandled rejection detected: \"name\" must only contain alpha-numeric characters, [object Promise]","level":"error"}
{"message":"   Unhandled rejection detected: \"title\" must only contain alpha-numeric characters, [object Promise]","level":"error"}
{"message":"   Unhandled rejection detected: \"title\" must only contain alpha-numeric characters, [object Promise]","level":"error"}
{"message":"   Unhandled rejection detected: \"name\" must only contain alpha-numeric characters, [object Promise]","level":"error"}
{"message":"   Unhandled rejection detected: \"title\" length must be less than or equal to 20 characters long, [object Promise]","level":"error"}
{"message":"   Unhandled rejection detected: \"title\" must only contain alpha-numeric characters, [object Promise]","level":"error"}
{"message":"   Unhandled rejection detected: \"name\" must only contain alpha-numeric characters, [object Promise]","level":"error"}
{"message":"   Unhandled rejection detected: \"name\" length must be less than or equal to 20 characters long, [object Promise]","level":"error"}
{"message":"   Unhandled rejection detected: \"title\" must only contain alpha-numeric characters, [object Promise]","level":"error"}
{"message":"   Unhandled rejection detected: \"title\" must only contain alpha-numeric characters, [object Promise]","level":"error"}
{"message":"   Unhandled rejection detected: \"title\" length must be less than or equal to 20 characters long, [object Promise]","level":"error"}
{"message":"   Unhandled rejection detected: \"name\" must only contain alpha-numeric characters, [object Promise]","level":"error"}
{"message":"   Unhandled rejection detected: \"title\" must only contain alpha-numeric characters, [object Promise]","level":"error"}
{"message":"   Unhandled rejection detected: \"title\" must only contain alpha-numeric characters, [object Promise]","level":"error"}
{"message":"   Unhandled rejection detected: \"title\" must only contain alpha-numeric characters, [object Promise]","level":"error"}
{"message":"   Unhandled rejection detected: \"title\" must only contain alpha-numeric characters, [object Promise]","level":"error"}
{"message":"   Unhandled rejection detected: \"title\" must only contain alpha-numeric characters, [object Promise]","level":"error"}
{"message":"   Unhandled rejection detected: \"title\" must only contain alpha-numeric characters, [object Promise]","level":"error"}
{"message":"   Unhandled rejection detected: \"name\" must only contain alpha-numeric characters, [object Promise]","level":"error"}
{"message":"   Unhandled rejection detected: \"title\" must only contain alpha-numeric characters, [object Promise]","level":"error"}
{"message":"   Unhandled rejection detected: \"title\" must only contain alpha-numeric characters, [object Promise]","level":"error"}
{"message":"   Unhandled rejection detected: \"title\" must only contain alpha-numeric characters, [object Promise]","level":"error"}
